15.45
15.49
15.51
15.57
16.23
16.25
16.27
16.31
16.33
16.35
16.37
16.49
08.00
08.40
08.50
08.53
08.54
08.56
09.00
09.15
09.35
09.40
09.45
09.47
09.50
09.50 10分钟一次
09.55 测试5分钟一次
10.00 15分钟一次
10.00 测试5分钟一次
10.05 测试5分钟一次
10.10 测试5分钟一次
10.15 测试5分钟一次
10.20 测试5分钟一次
10.35 测试5分钟一次
11.15 测试5分钟一次
11.30 测试5分钟一次
11.35 测试5分钟一次
11.40 测试5分钟一次
12.20 测试5分钟一次
12.30 测试5分钟一次
12.30 15分钟一次
12.35 测试5分钟一次
14.40 测试5分钟一次
14.45 15分钟一次
14.45 测试5分钟一次
14.50 测试5分钟一次
15.05 测试5分钟一次
15.15 测试5分钟一次
15.20 测试5分钟一次
15.25 测试5分钟一次
15.35 测试5分钟一次
20-9-11 15.56 05min
20-9-11 16.07 05min
20-9-11 16.16 05min
20-9-11 16.21 05min
20-9-11 16.23 05min
20-9-11 16.26 05min
